-----Job Report-----
PID 81258 (background job wmy)
Start Time: 11:36:58
End Time: 11:51:44
Duration: 0:14:46
ERROR: Job duration exceeds 10 minutes
----------------------------------------
PID 45135 (scheduled task 515)
Start Time: 11:37:14
End Time: 11:49:37
Duration: 0:12:23
ERROR: Job duration exceeds 10 minutes
----------------------------------------
PID 39547 (scheduled task 051)
Start Time: 11:37:53
End Time: 11:49:22
Duration: 0:11:29
ERROR: Job duration exceeds 10 minutes
----------------------------------------
PID 87228 (scheduled task 268)
Start Time: 11:44:25
End Time: 11:53:53
Duration: 0:09:28
WARNING: Job duration exceeds 5 minutes
----------------------------------------
PID 70808 (scheduled task 182)
Start Time: 11:44:43
End Time: 12:18:26
Duration: 0:33:43
ERROR: Job duration exceeds 10 minutes
----------------------------------------
PID 71766 (scheduled task 074)
Start Time: 11:45:04
End Time: 11:50:51
Duration: 0:05:47
WARNING: Job duration exceeds 5 minutes
----------------------------------------
PID 50295 (scheduled task 811)
Start Time: 11:48:45
End Time: 11:55:20
Duration: 0:06:35
WARNING: Job duration exceeds 5 minutes
----------------------------------------
PID 27222 (scheduled task 294)
Start Time: 11:50:07
End Time: 11:56:15
Duration: 0:06:08
WARNING: Job duration exceeds 5 minutes
----------------------------------------
PID 39860 (scheduled task 460)
Start Time: 11:53:17
End Time: 12:13:09
Duration: 0:19:52
ERROR: Job duration exceeds 10 minutes
----------------------------------------
PID 87570 (scheduled task 794)
Start Time: 11:53:57
End Time: 12:01:50
Duration: 0:07:53
WARNING: Job duration exceeds 5 minutes
----------------------------------------
PID 85742 (scheduled task 064)
Start Time: 11:55:16
End Time: 12:07:33
Duration: 0:12:17
ERROR: Job duration exceeds 10 minutes
----------------------------------------
PID 22003 (scheduled task 004)
Start Time: 11:55:29
End Time: 12:06:42
Duration: 0:11:13
ERROR: Job duration exceeds 10 minutes
----------------------------------------
PID 99672 (background job sqm)
Start Time: 11:57:08
End Time: 12:02:21
Duration: 0:05:13
WARNING: Job duration exceeds 5 minutes
----------------------------------------
PID 86716 (background job xfg)
Start Time: 11:59:29
End Time: 12:05:03
Duration: 0:05:34
WARNING: Job duration exceeds 5 minutes
----------------------------------------
PID 52532 (background job tqc)
Start Time: 12:00:03
End Time: 12:13:56
Duration: 0:13:53
ERROR: Job duration exceeds 10 minutes
----------------------------------------
PID: 72029, scheduled task 333: Incomplete (No End Time)
----------------------------------------
PID 98746 (scheduled task 746)
Start Time: 12:04:18
End Time: 12:11:35
Duration: 0:07:17
WARNING: Job duration exceeds 5 minutes
----------------------------------------
PID 23703 (scheduled task 374)
Start Time: 12:04:57
End Time: 12:18:23
Duration: 0:13:26
ERROR: Job duration exceeds 10 minutes
----------------------------------------
PID 62401 (scheduled task 936)
Start Time: 12:05:59
End Time: 12:16:23
Duration: 0:10:24
ERROR: Job duration exceeds 10 minutes
----------------------------------------
PID 24482 (scheduled task 672)
Start Time: 12:10:38
End Time: 12:19:14
Duration: 0:08:36
WARNING: Job duration exceeds 5 minutes
----------------------------------------
PID: 72897, scheduled task 016: Incomplete (No End Time)
----------------------------------------
